<?xml version="1.0" encoding="UTF-8"?>
<coverage generated="1752077735611" clover="3.2.0">
  <project timestamp="1752077735611" name="All files">
    <metrics statements="78" coveredstatements="68" conditionals="19" coveredconditionals="11" methods="12" coveredmethods="12" elements="109" coveredelements="91" complexity="0" loc="78" ncloc="78" packages="1" files="3" classes="3"/>
    <file name="dailyGameStore.js" path="/home/user/GameGuesser/backend/dailyGameStore.js">
      <metrics statements="0" coveredstatements="0" conditionals="0" coveredconditionals="0" methods="0" coveredmethods="0"/>
    </file>
    <file name="dailyGameStore.ts" path="/home/user/GameGuesser/backend/dailyGameStore.ts">
      <metrics statements="36" coveredstatements="32" conditionals="8" coveredconditionals="6" methods="6" coveredmethods="6"/>
      <line num="19" count="2" type="stmt"/>
      <line num="20" count="2" type="stmt"/>
      <line num="27" count="2" type="cond" truecount="1" falsecount="1"/>
      <line num="35" count="2" type="stmt"/>
      <line num="42" count="7" type="cond" truecount="1" falsecount="0"/>
      <line num="44" count="5" type="stmt"/>
      <line num="45" count="5" type="stmt"/>
      <line num="46" count="0" type="stmt"/>
      <line num="47" count="0" type="stmt"/>
      <line num="49" count="5" type="cond" truecount="1" falsecount="0"/>
      <line num="50" count="5" type="stmt"/>
      <line num="51" count="5" type="stmt"/>
      <line num="53" count="0" type="stmt"/>
      <line num="58" count="5" type="stmt"/>
      <line num="60" count="5" type="stmt"/>
      <line num="65" count="7" type="stmt"/>
      <line num="72" count="2" type="stmt"/>
      <line num="75" count="5" type="cond" truecount="1" falsecount="0"/>
      <line num="76" count="2" type="stmt"/>
      <line num="77" count="2" type="stmt"/>
      <line num="81" count="5" type="stmt"/>
      <line num="83" count="5" type="stmt"/>
      <line num="84" count="5" type="stmt"/>
      <line num="85" count="5" type="cond" truecount="0" falsecount="1"/>
      <line num="86" count="0" type="stmt"/>
      <line num="88" count="5" type="stmt"/>
      <line num="100" count="7" type="stmt"/>
      <line num="101" count="7" type="stmt"/>
      <line num="103" count="7" type="cond" truecount="1" falsecount="0"/>
      <line num="104" count="2" type="stmt"/>
      <line num="107" count="5" type="stmt"/>
      <line num="108" count="5" type="stmt"/>
      <line num="109" count="5" type="stmt"/>
      <line num="110" count="5" type="stmt"/>
      <line num="117" count="7" type="stmt"/>
      <line num="121" count="2" type="stmt"/>
    </file>
    <file name="game.ts" path="/home/user/GameGuesser/backend/game.ts">
      <metrics statements="42" coveredstatements="36" conditionals="11" coveredconditionals="5" methods="6" coveredmethods="6"/>
      <line num="24" count="1" type="stmt"/>
      <line num="27" count="1" type="stmt"/>
      <line num="37" count="4" type="stmt"/>
      <line num="39" count="4" type="stmt"/>
      <line num="40" count="4" type="stmt"/>
      <line num="55" count="4" type="stmt"/>
      <line num="59" count="1" type="cond" truecount="2" falsecount="1"/>
      <line num="60" count="0" type="stmt"/>
      <line num="63" count="1" type="stmt"/>
      <line num="64" count="1" type="cond" truecount="0" falsecount="1"/>
      <line num="65" count="0" type="stmt"/>
      <line num="68" count="1" type="stmt"/>
      <line num="70" count="1" type="cond" truecount="0" falsecount="1"/>
      <line num="71" count="0" type="stmt"/>
      <line num="74" count="1" type="stmt"/>
      <line num="80" count="1" type="stmt"/>
      <line num="84" count="1" type="stmt"/>
      <line num="89" count="1" type="stmt"/>
      <line num="97" count="2" type="stmt"/>
      <line num="98" count="2" type="stmt"/>
      <line num="106" count="2" type="stmt"/>
      <line num="107" count="2" type="stmt"/>
      <line num="111" count="2" type="stmt"/>
      <line num="116" count="2" type="stmt"/>
      <line num="117" count="2" type="stmt"/>
      <line num="123" count="2" type="stmt"/>
      <line num="127" count="1" type="cond" truecount="2" falsecount="1"/>
      <line num="128" count="0" type="stmt"/>
      <line num="131" count="1" type="stmt"/>
      <line num="132" count="1" type="cond" truecount="0" falsecount="1"/>
      <line num="133" count="0" type="stmt"/>
      <line num="136" count="1" type="stmt"/>
      <line num="141" count="1" type="cond" truecount="0" falsecount="1"/>
      <line num="142" count="0" type="stmt"/>
      <line num="145" count="1" type="stmt"/>
      <line num="151" count="1" type="stmt"/>
      <line num="155" count="1" type="stmt"/>
      <line num="160" count="1" type="cond" truecount="1" falsecount="0"/>
      <line num="161" count="1" type="stmt"/>
      <line num="164" count="1" type="stmt"/>
      <line num="168" count="4" type="stmt"/>
      <line num="172" count="5" type="stmt"/>
    </file>
  </project>
</coverage>
