{"/home/user/GameGuesser/backend/dailyGameStore.js": {"path":"/home/user/GameGuesser/backend/dailyGameStore.js","statementMap":{},"fnMap":{},"branchMap":{},"s":{},"f":{},"b":{},"inputSourceMap":null,"_coverageSchema":"1a1c01bbd47fc00a2c39e90264f33305004495a9","hash":"691618e57606f4afbc086fb77826bdf82034610d"}
,"/home/user/GameGuesser/backend/dailyGameStore.ts": {"path":"/home/user/GameGuesser/backend/dailyGameStore.ts","statementMap":{"0":{"start":{"line":19,"column":19},"end":{"line":19,"column":49}},"1":{"start":{"line":20,"column":18},"end":{"line":20,"column":42}},"2":{"start":{"line":27,"column":26},"end":{"line":29,"column":44}},"3":{"start":{"line":35,"column":33},"end":{"line":35,"column":37}},"4":{"start":{"line":42,"column":2},"end":{"line":42,"column":26}},"5":{"start":{"line":42,"column":13},"end":{"line":42,"column":26}},"6":{"start":{"line":44,"column":2},"end":{"line":54,"column":3}},"7":{"start":{"line":45,"column":16},"end":{"line":45,"column":53}},"8":{"start":{"line":46,"column":4},"end":{"line":46,"column":44}},"9":{"start":{"line":47,"column":4},"end":{"line":47,"column":17}},"10":{"start":{"line":49,"column":4},"end":{"line":52,"column":5}},"11":{"start":{"line":50,"column":6},"end":{"line":50,"column":17}},"12":{"start":{"line":51,"column":6},"end":{"line":51,"column":19}},"13":{"start":{"line":53,"column":4},"end":{"line":53,"column":14}},"14":{"start":{"line":58,"column":2},"end":{"line":58,"column":15}},"15":{"start":{"line":60,"column":2},"end":{"line":60,"column":72}},"16":{"start":{"line":65,"column":2},"end":{"line":65,"column":42}},"17":{"start":{"line":72,"column":75},"end":{"line":72,"column":79}},"18":{"start":{"line":75,"column":2},"end":{"line":78,"column":3}},"19":{"start":{"line":76,"column":16},"end":{"line":76,"column":43}},"20":{"start":{"line":77,"column":4},"end":{"line":77,"column":39}},"21":{"start":{"line":81,"column":4},"end":{"line":81,"column":124}},"22":{"start":{"line":83,"column":23},"end":{"line":83,"column":75}},"23":{"start":{"line":84,"column":21},"end":{"line":84,"column":45}},"24":{"start":{"line":85,"column":2},"end":{"line":87,"column":3}},"25":{"start":{"line":86,"column":4},"end":{"line":86,"column":65}},"26":{"start":{"line":88,"column":2},"end":{"line":88,"column":20}},"27":{"start":{"line":100,"column":18},"end":{"line":100,"column":39}},"28":{"start":{"line":101,"column":15},"end":{"line":101,"column":31}},"29":{"start":{"line":103,"column":2},"end":{"line":105,"column":3}},"30":{"start":{"line":104,"column":4},"end":{"line":104,"column":25}},"31":{"start":{"line":107,"column":21},"end":{"line":107,"column":43}},"32":{"start":{"line":108,"column":2},"end":{"line":108,"column":29}},"33":{"start":{"line":109,"column":2},"end":{"line":109,"column":23}},"34":{"start":{"line":110,"column":2},"end":{"line":110,"column":20}},"35":{"start":{"line":117,"column":2},"end":{"line":117,"column":15}},"36":{"start":{"line":121,"column":26},"end":{"line":121,"column":35}}},"fnMap":{"0":{"name":"loadData","decl":{"start":{"line":41,"column":15},"end":{"line":41,"column":23}},"loc":{"start":{"line":41,"column":23},"end":{"line":55,"column":1}}},"1":{"name":"saveData","decl":{"start":{"line":57,"column":15},"end":{"line":57,"column":23}},"loc":{"start":{"line":57,"column":42},"end":{"line":61,"column":1}}},"2":{"name":"toUtcDateString","decl":{"start":{"line":63,"column":9},"end":{"line":63,"column":24}},"loc":{"start":{"line":63,"column":35},"end":{"line":66,"column":1}}},"3":{"name":"callGeminiOnce","decl":{"start":{"line":74,"column":15},"end":{"line":74,"column":29}},"loc":{"start":{"line":74,"column":29},"end":{"line":89,"column":1}}},"4":{"name":"getDailyGame","decl":{"start":{"line":99,"column":22},"end":{"line":99,"column":34}},"loc":{"start":{"line":99,"column":58},"end":{"line":111,"column":1}}},"5":{"name":"_clearCache","decl":{"start":{"line":116,"column":16},"end":{"line":116,"column":27}},"loc":{"start":{"line":116,"column":27},"end":{"line":118,"column":1}}}},"branchMap":{"0":{"loc":{"start":{"line":27,"column":26},"end":{"line":29,"column":44}},"type":"cond-expr","locations":[{"start":{"line":28,"column":4},"end":{"line":28,"column":50}},{"start":{"line":29,"column":4},"end":{"line":29,"column":44}}]},"1":{"loc":{"start":{"line":42,"column":2},"end":{"line":42,"column":26}},"type":"if","locations":[{"start":{"line":42,"column":2},"end":{"line":42,"column":26}}]},"2":{"loc":{"start":{"line":49,"column":4},"end":{"line":52,"column":5}},"type":"if","locations":[{"start":{"line":49,"column":4},"end":{"line":52,"column":5}}]},"3":{"loc":{"start":{"line":75,"column":2},"end":{"line":78,"column":3}},"type":"if","locations":[{"start":{"line":75,"column":2},"end":{"line":78,"column":3}}]},"4":{"loc":{"start":{"line":85,"column":2},"end":{"line":87,"column":3}},"type":"if","locations":[{"start":{"line":85,"column":2},"end":{"line":87,"column":3}}]},"5":{"loc":{"start":{"line":99,"column":35},"end":{"line":99,"column":58}},"type":"default-arg","locations":[{"start":{"line":99,"column":48},"end":{"line":99,"column":58}}]},"6":{"loc":{"start":{"line":103,"column":2},"end":{"line":105,"column":3}},"type":"if","locations":[{"start":{"line":103,"column":2},"end":{"line":105,"column":3}}]}},"s":{"0":2,"1":2,"2":2,"3":2,"4":7,"5":2,"6":5,"7":5,"8":0,"9":0,"10":5,"11":5,"12":5,"13":0,"14":5,"15":5,"16":7,"17":2,"18":5,"19":2,"20":2,"21":5,"22":5,"23":5,"24":5,"25":0,"26":5,"27":7,"28":7,"29":7,"30":2,"31":5,"32":5,"33":5,"34":5,"35":7,"36":2},"f":{"0":7,"1":5,"2":7,"3":5,"4":7,"5":7},"b":{"0":[2,0],"1":[2],"2":[5],"3":[2],"4":[0],"5":[4],"6":[2]}}
,"/home/user/GameGuesser/backend/game.ts": {"path":"/home/user/GameGuesser/backend/game.ts","statementMap":{"0":{"start":{"line":24,"column":21},"end":{"line":24,"column":75}},"1":{"start":{"line":27,"column":22},"end":{"line":27,"column":24}},"2":{"start":{"line":37,"column":21},"end":{"line":37,"column":41}},"3":{"start":{"line":39,"column":20},"end":{"line":39,"column":32}},"4":{"start":{"line":40,"column":2},"end":{"line":53,"column":5}},"5":{"start":{"line":55,"column":2},"end":{"line":55,"column":23}},"6":{"start":{"line":59,"column":2},"end":{"line":61,"column":3}},"7":{"start":{"line":60,"column":4},"end":{"line":60,"column":63}},"8":{"start":{"line":63,"column":18},"end":{"line":63,"column":45}},"9":{"start":{"line":64,"column":2},"end":{"line":66,"column":3}},"10":{"start":{"line":65,"column":4},"end":{"line":65,"column":42}},"11":{"start":{"line":68,"column":2},"end":{"line":68,"column":26}},"12":{"start":{"line":70,"column":2},"end":{"line":72,"column":3}},"13":{"start":{"line":71,"column":4},"end":{"line":71,"column":73}},"14":{"start":{"line":74,"column":17},"end":{"line":78,"column":107}},"15":{"start":{"line":80,"column":23},"end":{"line":82,"column":null}},"16":{"start":{"line":84,"column":2},"end":{"line":87,"column":5}},"17":{"start":{"line":89,"column":2},"end":{"line":93,"column":4}},"18":{"start":{"line":97,"column":23},"end":{"line":97,"column":36}},"19":{"start":{"line":98,"column":24},"end":{"line":104,"column":46}},"20":{"start":{"line":106,"column":37},"end":{"line":106,"column":39}},"21":{"start":{"line":107,"column":23},"end":{"line":109,"column":null}},"22":{"start":{"line":111,"column":2},"end":{"line":114,"column":5}},"23":{"start":{"line":116,"column":20},"end":{"line":116,"column":32}},"24":{"start":{"line":117,"column":2},"end":{"line":121,"column":5}},"25":{"start":{"line":123,"column":2},"end":{"line":123,"column":67}},"26":{"start":{"line":127,"column":2},"end":{"line":129,"column":3}},"27":{"start":{"line":128,"column":4},"end":{"line":128,"column":64}},"28":{"start":{"line":131,"column":18},"end":{"line":131,"column":45}},"29":{"start":{"line":132,"column":2},"end":{"line":134,"column":3}},"30":{"start":{"line":133,"column":4},"end":{"line":133,"column":42}},"31":{"start":{"line":136,"column":2},"end":{"line":139,"column":5}},"32":{"start":{"line":141,"column":2},"end":{"line":143,"column":3}},"33":{"start":{"line":142,"column":4},"end":{"line":142,"column":67}},"34":{"start":{"line":145,"column":25},"end":{"line":149,"column":82}},"35":{"start":{"line":151,"column":23},"end":{"line":153,"column":null}},"36":{"start":{"line":155,"column":2},"end":{"line":158,"column":5}},"37":{"start":{"line":160,"column":2},"end":{"line":162,"column":3}},"38":{"start":{"line":161,"column":4},"end":{"line":161,"column":28}},"39":{"start":{"line":164,"column":2},"end":{"line":164,"column":76}},"40":{"start":{"line":168,"column":2},"end":{"line":168,"column":37}},"41":{"start":{"line":172,"column":2},"end":{"line":172,"column":23}}},"fnMap":{"0":{"name":"startPlayerGuessesGame","decl":{"start":{"line":35,"column":15},"end":{"line":35,"column":37}},"loc":{"start":{"line":35,"column":37},"end":{"line":56,"column":1}}},"1":{"name":"handlePlayerQuestion","decl":{"start":{"line":58,"column":15},"end":{"line":58,"column":35}},"loc":{"start":{"line":58,"column":72},"end":{"line":94,"column":1}}},"2":{"name":"startAIGuessesGame","decl":{"start":{"line":96,"column":15},"end":{"line":96,"column":33}},"loc":{"start":{"line":96,"column":33},"end":{"line":124,"column":1}}},"3":{"name":"handleAIAnswer","decl":{"start":{"line":126,"column":15},"end":{"line":126,"column":29}},"loc":{"start":{"line":126,"column":67},"end":{"line":165,"column":1}}},"4":{"name":"getSession","decl":{"start":{"line":167,"column":9},"end":{"line":167,"column":19}},"loc":{"start":{"line":167,"column":37},"end":{"line":169,"column":1}}},"5":{"name":"clearSessions","decl":{"start":{"line":171,"column":9},"end":{"line":171,"column":22}},"loc":{"start":{"line":171,"column":22},"end":{"line":173,"column":1}}}},"branchMap":{"0":{"loc":{"start":{"line":59,"column":2},"end":{"line":61,"column":3}},"type":"if","locations":[{"start":{"line":59,"column":2},"end":{"line":61,"column":3}}]},"1":{"loc":{"start":{"line":59,"column":6},"end":{"line":59,"column":30}},"type":"binary-expr","locations":[{"start":{"line":59,"column":6},"end":{"line":59,"column":16}},{"start":{"line":59,"column":20},"end":{"line":59,"column":30}}]},"2":{"loc":{"start":{"line":64,"column":2},"end":{"line":66,"column":3}},"type":"if","locations":[{"start":{"line":64,"column":2},"end":{"line":66,"column":3}}]},"3":{"loc":{"start":{"line":70,"column":2},"end":{"line":72,"column":3}},"type":"if","locations":[{"start":{"line":70,"column":2},"end":{"line":72,"column":3}}]},"4":{"loc":{"start":{"line":127,"column":2},"end":{"line":129,"column":3}},"type":"if","locations":[{"start":{"line":127,"column":2},"end":{"line":129,"column":3}}]},"5":{"loc":{"start":{"line":127,"column":6},"end":{"line":127,"column":31}},"type":"binary-expr","locations":[{"start":{"line":127,"column":6},"end":{"line":127,"column":16}},{"start":{"line":127,"column":20},"end":{"line":127,"column":31}}]},"6":{"loc":{"start":{"line":132,"column":2},"end":{"line":134,"column":3}},"type":"if","locations":[{"start":{"line":132,"column":2},"end":{"line":134,"column":3}}]},"7":{"loc":{"start":{"line":141,"column":2},"end":{"line":143,"column":3}},"type":"if","locations":[{"start":{"line":141,"column":2},"end":{"line":143,"column":3}}]},"8":{"loc":{"start":{"line":160,"column":2},"end":{"line":162,"column":3}},"type":"if","locations":[{"start":{"line":160,"column":2},"end":{"line":162,"column":3}}]}},"s":{"0":1,"1":1,"2":4,"3":4,"4":4,"5":4,"6":1,"7":0,"8":1,"9":1,"10":0,"11":1,"12":1,"13":0,"14":1,"15":1,"16":1,"17":1,"18":2,"19":2,"20":2,"21":2,"22":2,"23":2,"24":2,"25":2,"26":1,"27":0,"28":1,"29":1,"30":0,"31":1,"32":1,"33":0,"34":1,"35":1,"36":1,"37":1,"38":1,"39":1,"40":4,"41":5},"f":{"0":4,"1":1,"2":2,"3":1,"4":4,"5":5},"b":{"0":[0],"1":[1,1],"2":[0],"3":[0],"4":[0],"5":[1,1],"6":[0],"7":[0],"8":[1]}}
}
