TN:
SF:dailyGameStore.js
FNF:0
FNH:0
LF:0
LH:0
BRF:0
BRH:0
end_of_record
TN:
SF:dailyGameStore.ts
FN:41,loadData
FN:57,saveData
FN:63,toUtcDateString
FN:74,callGeminiOnce
FN:99,getDailyGame
FN:116,_clearCache
FNF:6
FNH:6
FNDA:7,loadData
FNDA:5,saveData
FNDA:7,toUtcDateString
FNDA:5,callGeminiOnce
FNDA:7,getDailyGame
FNDA:7,_clearCache
DA:19,2
DA:20,2
DA:27,2
DA:35,2
DA:42,7
DA:44,5
DA:45,5
DA:46,0
DA:47,0
DA:49,5
DA:50,5
DA:51,5
DA:53,0
DA:58,5
DA:60,5
DA:65,7
DA:72,2
DA:75,5
DA:76,2
DA:77,2
DA:81,5
DA:83,5
DA:84,5
DA:85,5
DA:86,0
DA:88,5
DA:100,7
DA:101,7
DA:103,7
DA:104,2
DA:107,5
DA:108,5
DA:109,5
DA:110,5
DA:117,7
DA:121,2
LF:36
LH:32
BRDA:27,0,0,2
BRDA:27,0,1,0
BRDA:42,1,0,2
BRDA:49,2,0,5
BRDA:75,3,0,2
BRDA:85,4,0,0
BRDA:99,5,0,4
BRDA:103,6,0,2
BRF:8
BRH:6
end_of_record
TN:
SF:game.ts
FN:35,startPlayerGuessesGame
FN:58,handlePlayerQuestion
FN:96,startAIGuessesGame
FN:126,handleAIAnswer
FN:167,getSession
FN:171,clearSessions
FNF:6
FNH:6
FNDA:4,startPlayerGuessesGame
FNDA:1,handlePlayerQuestion
FNDA:2,startAIGuessesGame
FNDA:1,handleAIAnswer
FNDA:4,getSession
FNDA:5,clearSessions
DA:24,1
DA:27,1
DA:37,4
DA:39,4
DA:40,4
DA:55,4
DA:59,1
DA:60,0
DA:63,1
DA:64,1
DA:65,0
DA:68,1
DA:70,1
DA:71,0
DA:74,1
DA:80,1
DA:84,1
DA:89,1
DA:97,2
DA:98,2
DA:106,2
DA:107,2
DA:111,2
DA:116,2
DA:117,2
DA:123,2
DA:127,1
DA:128,0
DA:131,1
DA:132,1
DA:133,0
DA:136,1
DA:141,1
DA:142,0
DA:145,1
DA:151,1
DA:155,1
DA:160,1
DA:161,1
DA:164,1
DA:168,4
DA:172,5
LF:42
LH:36
BRDA:59,0,0,0
BRDA:59,1,0,1
BRDA:59,1,1,1
BRDA:64,2,0,0
BRDA:70,3,0,0
BRDA:127,4,0,0
BRDA:127,5,0,1
BRDA:127,5,1,1
BRDA:132,6,0,0
BRDA:141,7,0,0
BRDA:160,8,0,1
BRF:11
BRH:5
end_of_record
